* using log directory 'C:/Users/Fabia/ProgrammingFall2016Fabian/Session5_HW/FabiansPackage.Rcheck'
* using R version 3.3.1 (2016-06-21)
* using platform: x86_64-w64-mingw32 (64-bit)
* using session charset: ISO8859-1
* using option '--as-cran'
* checking for file 'FabiansPackage/DESCRIPTION' ... OK
* this is package 'FabiansPackage' version '0.0.0.9000'
* package encoding: UTF-8
* checking CRAN incoming feasibility ... NOTE
Maintainer: 'fabian hafner <fabian.hafner@sciencespo.fr>'

New submission

Version contains large components (0.0.0.9000)

Non-FOSS package license (MIT + file LICENSE?)

Checking URLs requires 'libcurl' support in the R build

The Title field should be in title case, current version then in title case:
'What the Package Does (one line, title case)'
'What the Package Does (One Line, Title Case)'

The Description field should not start with the package name,
  'This package' or similar.
* checking package namespace information ... OK
* checking package dependencies ... OK
* checking if this is a source package ... OK
* checking if there is a namespace ... OK
* checking for executable files ... OK
* checking for hidden files and directories ... OK
* checking for portable file names ... OK
* checking whether package 'FabiansPackage' can be installed ... OK
* checking installed package size ... OK
* checking package directory ... OK
* checking DESCRIPTION meta-information ... WARNING
Non-standard license specification:
  MIT + file LICENSE?
Standardizable: FALSE
* checking top-level files ... NOTE
Non-standard file/directory found at top level:
  'LICENSE.txt'
* checking for left-over files ... OK
* checking index information ... OK
* checking package subdirectories ... OK
* checking R files for non-ASCII characters ... OK
* checking R files for syntax errors ... OK
* checking whether the package can be loaded ... OK
* checking whether the package can be loaded with stated dependencies ... OK
* checking whether the package can be unloaded cleanly ... OK
* checking whether the namespace can be loaded with stated dependencies ... OK
* checking whether the namespace can be unloaded cleanly ... OK
* checking loading without being on the library search path ... OK
* checking use of S3 registration ... OK
* checking dependencies in R code ... OK
* checking S3 generic/method consistency ... OK
* checking replacement functions ... OK
* checking foreign function calls ... OK
* checking R code for possible problems ... OK
* checking Rd files ... OK
* checking Rd metadata ... OK
* checking Rd line widths ... OK
* checking Rd cross-references ... OK
* checking for missing documentation entries ... OK
* checking for code/documentation mismatches ... OK
* checking Rd \usage sections ... WARNING
Undocumented arguments in documentation object 'vector_max'
  'vector'

Functions with \usage entries need to have the appropriate \alias
entries, and all their arguments documented.
The \usage entries must correspond to syntactically valid R code.
See chapter 'Writing R documentation files' in the 'Writing R
Extensions' manual.
* checking Rd contents ... OK
* checking for unstated dependencies in examples ... OK
* checking examples ... ERROR
Running examples in 'FabiansPackage-Ex.R' failed
The error most likely occurred in:

> base::assign(".ptime", proc.time(), pos = "CheckExEnv")
> ### Name: vector_max
> ### Title: Finding the highest number in a vector
> ### Aliases: vector_max
> 
> ### ** Examples
> 
> vector_max()
Error in vector_max() : argument "vector" is missing, with no default
Execution halted
* checking PDF version of manual ... WARNING
LaTeX errors when creating PDF version.
This typically indicates Rd problems.
* checking PDF version of manual without hyperrefs or index ... ERROR
Re-running with no redirection of stdout/stderr.
* DONE
Status: 2 ERRORs, 3 WARNINGs, 2 NOTEs
